[CommunicationLog]
R [0935CC2A] : 0000000000000000000000000000000000000000000000000000000000000138400010F24840000000000
S [0935CBEE] : (40)
R [0935CBEE] : 8
S [0935CBDA] : (40)
R [0935C385] : 8
S [093583F4] : 0B
R [093583F4] : 0
S [09357FCE] : (0B)
R [09357F9C] : 0
S [09357D7F] : (07)
R [0934650E] : 0000000000000000000000000000000000000000000000000000000000000138400010F24840000000000
S [093464E6] : (40)
R [093464C8] : 0
S [09346464] : (21)
R [09346464] : 0
S [093455A5] : 0B
R [093455A5] : 0
S [0934517F] : (0B)
R [0934514D] : 0
S [09344F26] : (07)
R [09344279] : 0
S [09344265] : (410F148000080)
R [09344265] : 0
S [09344233] : (410F140000080)
R [09343CA5] : 0078D04000000000003F100000AE100000000000000000000000000000C1B0ADD00410F146004000FF800
S [09343C9B] : (40)
R [09343C91] : 01
S [09343C91] : (34)
R [09343C91] : 010F1460
S [09343C87] : (35)
R [09343C87] : 0078D04000000000003F100000AE100000000000000000000000000000C1B0ADD00410F146004000FF800
S [09343C73] : (40)
R [09343C73] : 01
S [09343C5F] : (34)
R [09343C5F] : 010F1460
S [09343C55] : (35)
R [093158B7] : 0
S [09315853] : (330F2480)
R [093155E6] : 0000000000000000000000000000000000000000000000000000000000000138400010F24800000000000
S [093155B4] : (40)
R [093155A0] : 0
S [0931553C] : (21)
R [0931553C] : 0
S [0931467C] : 0B
R [0931467C] : 0
S [09314257] : (0B)
R [09314225] : 0
S [09313FFE] : (07)
R [093132D9] : 0
S [093132BB] : (4100000000080)
R [09312C1F] : 04114D20F001CEB00480A0F14730000000000000000000000000000000C1B0AEA000000002904000FF800
S [09312C0B] : (40)
R [09312C0B] : 01
S [09312C01] : (34)
R [09312C01] : 01000029
S [09312C01] : (35)
R [09312C01] : 04114D20F001CEB00480A0F14730000000000000000000000000000000C1B0AEA000000002904000FF800
S [09312BEC] : (40)
R [09312BEC] : 01
S [09312BE2] : (34)
R [09312BE2] : 01000029
S [09312BD8] : (35)
R [09310E8C] : 0
S [09310E28] : (330F2484)
R [09310AB6] : 0000000000000000000000000000000000000000000000000000000000000138400010F24840000000000
S [09310A84] : (40)
R [09310A70] : 0
S [09310A0C] : (21)
R [09310A0C] : 0
S [0930FB4D] : 0B
R [0930FB4D] : 0
S [0930F727] : (0B)
R [0930F6F5] : 0
S [0930F4D8] : (07)
R [0930D1D5] : 0
S [0930D1AD] : (4100000000080)
R [0930CF54] : 00000FFFF0001FFF700060005000000000000000000000000000000000C1B0B4E000000000504000FF800
S [0930CF40] : (40)
R [0930CF40] : 01
S [0930CF36] : (34)
R [0930CF36] : 01000005
S [0930CF36] : (35)
R [0930CF36] : 00000FFFF0001FFF700060005000000000000000000000000000000000C1B0B4E000000000504000FF800
S [0930CF22] : (40)
R [0930CF22] : 01
S [0930CF18] : (34)
R [0930CF18] : 01000005
S [0930CF04] : (35)
R [092FA079] : 0
S [092FA01F] : (330F2484)
R [092F9D58] : 0000000000000000000000000000000000000000000000000000000000000138400010F24840000000000
S [092F9D26] : (40)
R [092F9CFE] : 0
S [092F9C99] : (21)
R [092F9C99] : 0
S [092F8DDA] : 0B
R [092F8DDA] : 0
S [092F89B5] : (0B)
R [092F8982] : 0
S [092F875C] : (07)
R [092F5983] : 0
S [092F5965] : (410F148000080)
R [092F5965] : 0
S [092F5951] : (410F140000080)
R [092F52FA] : 0000D04010000000003F100020AE100000000000000000000000000000C1B0ADD00450F146304000FF800
S [092F52E6] : (40)
R [092F52E6] : 01
S [092F52DC] : (34)
R [092F52DC] : 010F1463
S [092F52DC] : (35)
R [092F52DC] : 0000D04010000000003F100020AE100000000000000000000000000000C1B0ADD00450F146304000FF800
S [092F52C8] : (40)
R [092F52C8] : 01
S [092F52AA] : (34)
R [092F52AA] : 010F1463
S [092F52A0] : (35)
R [092C7454] : 0
S [092C744A] : (4100078610001)
R [092C73C8] : 0
S [092C73BE] : (4100078610001)
R [092C73BE] : 0
S [092C73BE] : (4100078610001)
R [092C73BE] : 0
S [092C73AA] : (4100078610001)
R [092C0A79] : 0
S [092C0A15] : (330F2480)
R [092C07A8] : 0000000000000000000000000000000000000000000000000000000000000138400010F24800000000000
S [092C0780] : (40)
R [092C0762] : 0
S [092C0708] : (21)
R [092C0708] : 0
S [092BF83E] : 0B
R [092BF83E] : 0
S [092BF419] : (0B)
R [092BF3E7] : 0
S [092BF1C0] : (07)
R [092BE1C0] : 0
S [092BE1B6] : (4100078610001)
R [092BE134] : 0
S [092BE12A] : (4100078610001)
R [092BE12A] : 0
S [092BE120] : (4100078610001)
R [092BE120] : 0
S [092BE116] : (4100078610001)
R [092BD834] : 0
S [092BD82A] : (4100078610001)
R [092BD82A] : 0
S [092BD820] : (4100078610001)
R [092BD820] : 0
S [092BD816] : (4100078610001)
R [092BD12A] : 0
S [092BD116] : (4100078610001)
R [092BD09E] : 0
S [092BD094] : (4100078610001)
R [092BD094] : 0
S [092BD08A] : (4100078610001)
R [092BD08A] : 0
S [092BD076] : (4100078610001)
R [092BC7EE] : 0
S [092BC7DA] : (4100078610001)
R [092BC762] : 0
S [092BC758] : (4100078610001)
R [092BC758] : 0
S [092BC74E] : (4100078610001)
R [092BC74E] : 0
S [092BC744] : (4100078610001)
R [092BB423] : 0
S [092BB419] : (4100078610001)
R [092BB397] : 0
S [092BB38D] : (4100078610001)
R [092BB38D] : 0
S [092BB383] : (4100078610001)
R [092BB383] : 0
S [092BB383] : (4100078610001)
R [092B5B2E] : 0230804000000000003F100000AE100000000000000000000000000000C1B0ADD00410F147604000FF800
S [092B5B1A] : (40)
R [092B5B10] : 01
S [092B5B10] : (34)
R [092B5B10] : 010F1476
S [092B5B06] : (35)
R [092B5B06] : 0230804000000000003F100000AE100000000000000000000000000000C1B0ADD00410F147604000FF800
S [092B5AF2] : (40)
R [092B5AF2] : 01
S [092B5AD4] : (34)
R [092B5AD4] : 010F1476
S [092B5AC0] : (35)
R [0929FF06] : 0
S [0929FEAC] : (330F247C)
R [0929FCD5] : 0000000000000000000000000000000000000000000000000000000000000138400010F247C0000000000
S [0929FCAD] : (40)
R [0929FC8F] : 0
S [0929FC2B] : (21)
R [0929FC2B] : 0
S [0929ED6C] : 0B
R [0929ED6C] : 0
S [0929E946] : (0B)
R [0929E914] : 0
S [0929E6F7] : (07)
R [0928F681] : 0
S [0928F677] : (4100078610001)
R [0928F677] : 0
S [0928F663] : (4100078610001)
R [0928F5EB] : 0
S [0928F5E1] : (4100078610001)
R [0928F5E1] : 0
S [0928F5D7] : (4100078610001)
R [0928F5D7] : 0
S [0928F5C3] : (4100078610001)
R [0928DC87] : 0
S [0928DC73] : (410F148000080)
R [0928DC73] : 0
S [0928DC55] : (410F140000080)
R [0928DC23] : 0128304000000000003F100000AE100000000000000000000000000000C1B0ADD00450F146B04000FF800
S [0928DC0F] : (40)
R [0928DC0F] : 01
S [0928DC0F] : (34)
R [0928DC0F] : 010F146B
S [0928DC05] : (35)
R [0928DC05] : 0128304000000000003F100000AE100000000000000000000000000000C1B0ADD00450F146B04000FF800
S [0928DBF1] : (40)
R [0928DBF1] : 01
S [0928DBD3] : (34)
R [0928DBD3] : 010F146B
S [0928DBBF] : (35)
R [0928A587] : 0
S [0928A52D] : (330F247C)
R [0928A2B6] : 0000000000000000000000000000000000000000000000000000000000000138400010F247C0000000000
S [0928A28E] : (40)
R [0928A27A] : 0
S [0928A216] : (21)
R [0928A216] : 0
S [09289356] : 0B
R [09289356] : 0
S [09288F31] : (0B)
R [09288EFF] : 0
S [09288CD8] : (07)
R [09273363] : 0
S [09273331] : (4102020000080)
R [09273204] : 07EAF7EAF7EAF7EAF7EAF7EAF7EAF00000000000000000000000000000C1BA0C4000002020004000FF800
S [092731F0] : (40)
R [092731F0] : 01
S [092731E6] : (34)
R [092731E6] : 01020200
S [092731DC] : (35)
R [092731DC] : 07EAF7EAF7EAF7EAF7EAF7EAF7EAF00000000000000000000000000000C1BA50C000002020004000FF800
S [092731C8] : (40)
R [092731C8] : 01
S [092731C8] : (34)
R [092731C8] : 01020200
S [092731AA] : (35)
R [09272381] : 0
S [0927231D] : (330F247C)
R [09272060] : 0000000000000000000000000000000000000000000000000000000000000138400010F247C0000000000
S [0927202E] : (40)
R [0927201A] : 0
S [09271FB6] : (21)
R [09271FB6] : 0
S [092710F6] : 0B
R [092710F6] : 0
S [09270CD1] : (0B)
R [09270C9F] : 0
S [09270A78] : (07)
R [092664D7] : 0000100000000000000000000000000000000000000000000000000000C1B0BB200400F070604000FF800
S [092664C3] : (40)
R [092664B9] : 01
S [092664B9] : (34)
R [092664B9] : 010F0706
S [092664AF] : (35)
R [092664AF] : 0000100000000000000000000000000000000000000000000000000000C1B0BB200400F070604000FF800
S [0926649B] : (40)
R [0926649B] : 01
S [09266487] : (34)
R [09266487] : 010F0706
S [09266473] : (35)
R [092652A6] : 0
S [09265242] : (330F24A2)
R [09264F21] : 0000000000000000000000000000000000000000000000000000000000000138400010F24A20000000000
S [09264EEF] : (40)
R [09264EA9] : 0
S [09264E45] : (21)
R [09264E45] : 0
S [09263F85] : 0B
R [09263F85] : 0
S [09263B60] : (0B)
R [09263B2D] : 0
S [0926391B] : (07)
R [0925FCDD] : 0000000000000000000000000000000000000000000000000000000000000138400010F26380000000000
S [0925FC96] : (40)
R [0925FC64] : 0
S [0925FA52] : (07)
R [0925FA52] : 0
S [0925F9F7] : (08)
R [0925F9F7] : 0000000000000000000000000000000000000000000000000000000000000138400010F26380000000000
S [0925F9CF] : (40)
R [0925F9CF] : 01
S [0925F9C5] : (34)
R [0925F9C5] : 010F2638
S [0925F9A7] : (35)
R [0925F9A7] : 018066FFFFC000E000FFFF080404F08040411
S [0925F99D] : (00)
